Traceback (most recent call last):
  File "/home/natalie/Dokumente/Datenjournalismus in Python/Code/.venv/lib/python3.11/site-packages/jupyter_cache/executors/utils.py", line 58, in single_nb_execution
    executenb(
  File "/home/natalie/Dokumente/Datenjournalismus in Python/Code/.venv/lib/python3.11/site-packages/nbclient/client.py", line 1305, in execute
    return NotebookClient(nb=nb, resources=resources, km=km, **kwargs).execute()
           ^^^^^^^^^^^^^^^^^^^^^^^^^^^^^^^^^^^^^^^^^^^^^^^^^^^^^^^^^^^^^^^^^^^^^
  File "/home/natalie/Dokumente/Datenjournalismus in Python/Code/.venv/lib/python3.11/site-packages/jupyter_core/utils/__init__.py", line 173, in wrapped
    return loop.run_until_complete(inner)
           ^^^^^^^^^^^^^^^^^^^^^^^^^^^^^^
  File "/usr/lib/python3.11/asyncio/base_events.py", line 653, in run_until_complete
    return future.result()
           ^^^^^^^^^^^^^^^
  File "/home/natalie/Dokumente/Datenjournalismus in Python/Code/.venv/lib/python3.11/site-packages/nbclient/client.py", line 705, in async_execute
    await self.async_execute_cell(
  File "/home/natalie/Dokumente/Datenjournalismus in Python/Code/.venv/lib/python3.11/site-packages/nbclient/client.py", line 1058, in async_execute_cell
    await self._check_raise_for_error(cell, cell_index, exec_reply)
  File "/home/natalie/Dokumente/Datenjournalismus in Python/Code/.venv/lib/python3.11/site-packages/nbclient/client.py", line 914, in _check_raise_for_error
    raise CellExecutionError.from_cell_and_msg(cell, exec_reply_content)
nbclient.exceptions.CellExecutionError: An error occurred while executing the following cell:
------------------
sorted_data = sorted(data, key=lambda d: d['summe'], reverse=True)

print(sorted_data)
------------------


[0;31m---------------------------------------------------------------------------[0m
[0;31mKeyError[0m                                  Traceback (most recent call last)
Cell [0;32mIn[20], line 1[0m
[0;32m----> 1[0m sorted_data [38;5;241m=[39m [38;5;28;43msorted[39;49m[43m([49m[43mdata[49m[43m,[49m[43m [49m[43mkey[49m[38;5;241;43m=[39;49m[38;5;28;43;01mlambda[39;49;00m[43m [49m[43md[49m[43m:[49m[43m [49m[43md[49m[43m[[49m[38;5;124;43m'[39;49m[38;5;124;43msumme[39;49m[38;5;124;43m'[39;49m[43m][49m[43m,[49m[43m [49m[43mreverse[49m[38;5;241;43m=[39;49m[38;5;28;43;01mTrue[39;49;00m[43m)[49m
[1;32m      3[0m [38;5;28mprint[39m(sorted_data)

Cell [0;32mIn[20], line 1[0m, in [0;36m<lambda>[0;34m(d)[0m
[0;32m----> 1[0m sorted_data [38;5;241m=[39m [38;5;28msorted[39m(data, key[38;5;241m=[39m[38;5;28;01mlambda[39;00m d: [43md[49m[43m[[49m[38;5;124;43m'[39;49m[38;5;124;43msumme[39;49m[38;5;124;43m'[39;49m[43m][49m, reverse[38;5;241m=[39m[38;5;28;01mTrue[39;00m)
[1;32m      3[0m [38;5;28mprint[39m(sorted_data)

[0;31mKeyError[0m: 'summe'

